

Started GET "/" for ::1 at 2015-01-19 15:50:58 +1100
Processing by Rails::WelcomeController#index as HTML
  Rendered /Users/portabledino/.rvm/rubies/ruby-2.1.4/lib/ruby/gems/2.1.0/gems/railties-4.2.0/lib/rails/templates/rails/welcome/index.html.erb (1.9ms)
Completed 200 OK in 26ms (Views: 12.6ms | ActiveRecord: 0.0ms)


Started GET "/" for ::1 at 2015-01-19 15:57:31 +1100

ActiveRecord::PendingMigrationError (

Migrations are pending. To resolve this issue, run:

	bin/rake db:migrate RAILS_ENV=development

):
  activerecord (4.2.0) lib/active_record/migration.rb:393:in `check_pending!'
  activerecord (4.2.0) lib/active_record/migration.rb:374:in `call'
  actionpack (4.2.0) lib/action_dispatch/middleware/callbacks.rb:29:in `block in call'
  activesupport (4.2.0) lib/active_support/callbacks.rb:88:in `call'
  activesupport (4.2.0) lib/active_support/callbacks.rb:88:in `_run_callbacks'
  activesupport (4.2.0) lib/active_support/callbacks.rb:734:in `_run_call_callbacks'
  activesupport (4.2.0) lib/active_support/callbacks.rb:81:in `run_callbacks'
  actionpack (4.2.0) lib/action_dispatch/middleware/callbacks.rb:27:in `call'
  actionpack (4.2.0) lib/action_dispatch/middleware/reloader.rb:73:in `call'
  actionpack (4.2.0) lib/action_dispatch/middleware/remote_ip.rb:78:in `call'
  web-console (2.0.0) lib/action_dispatch/debug_exceptions.rb:18:in `middleware_call'
  web-console (2.0.0) lib/action_dispatch/debug_exceptions.rb:13:in `call'
  actionpack (4.2.0) lib/action_dispatch/middleware/show_exceptions.rb:30:in `call'
  railties (4.2.0) lib/rails/rack/logger.rb:38:in `call_app'
  railties (4.2.0) lib/rails/rack/logger.rb:20:in `block in call'
  activesupport (4.2.0) lib/active_support/tagged_logging.rb:68:in `block in tagged'
  activesupport (4.2.0) lib/active_support/tagged_logging.rb:26:in `tagged'
  activesupport (4.2.0) lib/active_support/tagged_logging.rb:68:in `tagged'
  railties (4.2.0) lib/rails/rack/logger.rb:20:in `call'
  actionpack (4.2.0) lib/action_dispatch/middleware/request_id.rb:21:in `call'
  rack (1.6.0) lib/rack/methodoverride.rb:22:in `call'
  rack (1.6.0) lib/rack/runtime.rb:18:in `call'
  activesupport (4.2.0) lib/active_support/cache/strategy/local_cache_middleware.rb:28:in `call'
  rack (1.6.0) lib/rack/lock.rb:17:in `call'
  actionpack (4.2.0) lib/action_dispatch/middleware/static.rb:113:in `call'
  rack (1.6.0) lib/rack/sendfile.rb:113:in `call'
  railties (4.2.0) lib/rails/engine.rb:518:in `call'
  railties (4.2.0) lib/rails/application.rb:164:in `call'
  rack (1.6.0) lib/rack/lock.rb:17:in `call'
  rack (1.6.0) lib/rack/content_length.rb:15:in `call'
  rack (1.6.0) lib/rack/handler/webrick.rb:89:in `service'
  /Users/portabledino/.rvm/rubies/ruby-2.1.4/lib/ruby/2.1.0/webrick/httpserver.rb:138:in `service'
  /Users/portabledino/.rvm/rubies/ruby-2.1.4/lib/ruby/2.1.0/webrick/httpserver.rb:94:in `run'
  /Users/portabledino/.rvm/rubies/ruby-2.1.4/lib/ruby/2.1.0/webrick/server.rb:295:in `block in start_thread'


  Rendered /Users/portabledino/.rvm/rubies/ruby-2.1.4/lib/ruby/gems/2.1.0/gems/web-console-2.0.0/lib/action_dispatch/templates/rescues/_source.erb (3.1ms)
  Rendered /Users/portabledino/.rvm/rubies/ruby-2.1.4/lib/ruby/gems/2.1.0/gems/web-console-2.0.0/lib/action_dispatch/templates/rescues/_trace.html.erb (1.8ms)
  Rendered /Users/portabledino/.rvm/rubies/ruby-2.1.4/lib/ruby/gems/2.1.0/gems/web-console-2.0.0/lib/action_dispatch/templates/rescues/_request_and_response.html.erb (0.9ms)
  Rendered /Users/portabledino/.rvm/rubies/ruby-2.1.4/lib/ruby/gems/2.1.0/gems/web-console-2.0.0/lib/action_dispatch/templates/rescues/_web_console.html.erb (1.0ms)
  Rendered /Users/portabledino/.rvm/rubies/ruby-2.1.4/lib/ruby/gems/2.1.0/gems/web-console-2.0.0/lib/action_dispatch/templates/rescues/diagnostics.html.erb within rescues/layout (29.1ms)
  [1m[36m (1.2ms)[0m  [1mCREATE TABLE "schema_migrations" ("version" varchar NOT NULL) [0m
  [1m[35m (0.4ms)[0m  select sqlite_version(*)
  [1m[36m (1.2ms)[0m  [1mCREATE UNIQUE INDEX "unique_schema_migrations" ON "schema_migrations" ("version")[0m
  [1m[35mActiveRecord::SchemaMigration Load (0.1ms)[0m  SELECT "schema_migrations".* FROM "schema_migrations"
Migrating to CreatePosts (20150119045126)
  [1m[36m (0.1ms)[0m  [1mbegin transaction[0m
  [1m[35m (1.4ms)[0m  CREATE TABLE "posts" ("id" INTEGER PRIMARY KEY AUTOINCREMENT NOT NULL, "title" varchar, "content" text, "tag" varchar, "created_at" datetime NOT NULL, "updated_at" datetime NOT NULL) 
  [1m[36mSQL (0.6ms)[0m  [1mINSERT INTO "schema_migrations" ("version") VALUES (?)[0m  [["version", "20150119045126"]]
  [1m[35m (0.7ms)[0m  commit transaction
  [1m[36mActiveRecord::SchemaMigration Load (0.1ms)[0m  [1mSELECT "schema_migrations".* FROM "schema_migrations"[0m


Started GET "/" for ::1 at 2015-01-19 15:58:49 +1100
  [1m[36mActiveRecord::SchemaMigration Load (0.1ms)[0m  [1mSELECT "schema_migrations".* FROM "schema_migrations"[0m
Processing by PostsController#index as HTML
  Rendered posts/index.html.erb within layouts/application (0.4ms)
Completed 200 OK in 676ms (Views: 667.9ms | ActiveRecord: 0.0ms)


Started GET "/assets/posts-069e88c06b889877799890854d7f4c40.css?body=1" for ::1 at 2015-01-19 15:58:50 +1100


Started GET "/assets/posts-8f6eecd1178ef85964369ec66d33c4f1.js?body=1" for ::1 at 2015-01-19 15:58:50 +1100


Started GET "/assets/application-9d71a2f6dda6b569ca80f60714aabe8b.js?body=1" for ::1 at 2015-01-19 15:58:50 +1100


Started GET "/assets/application-823e88bf1231c4323ee1d35731d8f1b6.css?body=1" for ::1 at 2015-01-19 15:58:50 +1100


Started GET "/assets/jquery-eb3e278249152b5b5d5170b73d9dbf52.js?body=1" for ::1 at 2015-01-19 15:58:50 +1100


Started GET "/assets/jquery_ujs-0b8f09cf5aec4ba1be1abd9f915c77e2.js?body=1" for ::1 at 2015-01-19 15:58:50 +1100


Started GET "/assets/turbolinks-924184401b7d116eadaaefc96895fa84.js?body=1" for ::1 at 2015-01-19 15:58:50 +1100
  [1m[36mActiveRecord::SchemaMigration Load (0.1ms)[0m  [1mSELECT "schema_migrations".* FROM "schema_migrations"[0m
  [1m[35m (0.1ms)[0m  begin transaction
  [1m[36mSQL (0.4ms)[0m  [1mINSERT INTO "posts" ("title", "content", "tag", "created_at", "updated_at") VALUES (?, ?, ?, ?, ?)[0m  [["title", "Hello World"], ["content", "This is the first post (It will be used to test the seedfile)."], ["tag", "meta, code, rubyonrails, generalassembly"], ["created_at", "2015-01-19 05:01:50.617812"], ["updated_at", "2015-01-19 05:01:50.617812"]]
  [1m[35m (0.8ms)[0m  commit transaction


Started GET "/" for ::1 at 2015-01-19 16:04:33 +1100
Processing by PostsController#index as HTML
  [1m[35mPost Load (0.3ms)[0m  SELECT "posts".* FROM "posts"
  Rendered posts/index.html.erb within layouts/application (5.1ms)
Completed 200 OK in 49ms (Views: 46.0ms | ActiveRecord: 0.5ms)


Started GET "/assets/application-823e88bf1231c4323ee1d35731d8f1b6.css?body=1" for ::1 at 2015-01-19 16:04:33 +1100


Started GET "/assets/jquery-eb3e278249152b5b5d5170b73d9dbf52.js?body=1" for ::1 at 2015-01-19 16:04:33 +1100


Started GET "/assets/posts-069e88c06b889877799890854d7f4c40.css?body=1" for ::1 at 2015-01-19 16:04:33 +1100


Started GET "/assets/jquery_ujs-0b8f09cf5aec4ba1be1abd9f915c77e2.js?body=1" for ::1 at 2015-01-19 16:04:33 +1100


Started GET "/assets/posts-8f6eecd1178ef85964369ec66d33c4f1.js?body=1" for ::1 at 2015-01-19 16:04:33 +1100


Started GET "/assets/turbolinks-924184401b7d116eadaaefc96895fa84.js?body=1" for ::1 at 2015-01-19 16:04:33 +1100


Started GET "/assets/application-9d71a2f6dda6b569ca80f60714aabe8b.js?body=1" for ::1 at 2015-01-19 16:04:33 +1100


Started GET "/posts.1" for ::1 at 2015-01-19 16:04:40 +1100
Processing by PostsController#index as 
  [1m[36mPost Load (0.2ms)[0m  [1mSELECT "posts".* FROM "posts"[0m
  Rendered posts/index.html.erb within layouts/application (1.2ms)
Completed 200 OK in 46ms (Views: 44.5ms | ActiveRecord: 0.2ms)


Started GET "/assets/jquery-eb3e278249152b5b5d5170b73d9dbf52.js?body=1" for ::1 at 2015-01-19 16:04:40 +1100


Started GET "/assets/jquery_ujs-0b8f09cf5aec4ba1be1abd9f915c77e2.js?body=1" for ::1 at 2015-01-19 16:04:40 +1100


Started GET "/assets/application-9d71a2f6dda6b569ca80f60714aabe8b.js?body=1" for ::1 at 2015-01-19 16:04:40 +1100


Started GET "/assets/turbolinks-924184401b7d116eadaaefc96895fa84.js?body=1" for ::1 at 2015-01-19 16:04:40 +1100


Started GET "/assets/posts-8f6eecd1178ef85964369ec66d33c4f1.js?body=1" for ::1 at 2015-01-19 16:04:40 +1100


Started GET "/posts.1" for ::1 at 2015-01-19 16:05:33 +1100
Processing by PostsController#index as 
  [1m[35mPost Load (0.3ms)[0m  SELECT "posts".* FROM "posts"
  Rendered posts/index.html.erb within layouts/application (8.2ms)
Completed 200 OK in 63ms (Views: 60.8ms | ActiveRecord: 0.7ms)


Started GET "/assets/application-823e88bf1231c4323ee1d35731d8f1b6.css?body=1" for ::1 at 2015-01-19 16:05:33 +1100


Started GET "/assets/posts-069e88c06b889877799890854d7f4c40.css?body=1" for ::1 at 2015-01-19 16:05:33 +1100


Started GET "/assets/jquery_ujs-0b8f09cf5aec4ba1be1abd9f915c77e2.js?body=1" for ::1 at 2015-01-19 16:05:33 +1100


Started GET "/assets/turbolinks-924184401b7d116eadaaefc96895fa84.js?body=1" for ::1 at 2015-01-19 16:05:33 +1100


Started GET "/assets/application-9d71a2f6dda6b569ca80f60714aabe8b.js?body=1" for ::1 at 2015-01-19 16:05:33 +1100


Started GET "/assets/jquery-eb3e278249152b5b5d5170b73d9dbf52.js?body=1" for ::1 at 2015-01-19 16:05:33 +1100


Started GET "/assets/posts-8f6eecd1178ef85964369ec66d33c4f1.js?body=1" for ::1 at 2015-01-19 16:05:33 +1100


Started GET "/assets/jquery_ujs-0b8f09cf5aec4ba1be1abd9f915c77e2.js?body=1" for ::1 at 2015-01-19 16:05:33 +1100


Started GET "/assets/turbolinks-924184401b7d116eadaaefc96895fa84.js?body=1" for ::1 at 2015-01-19 16:05:33 +1100


Started GET "/posts.1" for ::1 at 2015-01-19 16:05:38 +1100
Processing by PostsController#index as 
  [1m[36mPost Load (0.1ms)[0m  [1mSELECT "posts".* FROM "posts"[0m
  Rendered posts/index.html.erb within layouts/application (0.8ms)
Completed 200 OK in 58ms (Views: 56.7ms | ActiveRecord: 0.1ms)


Started GET "/assets/posts-069e88c06b889877799890854d7f4c40.css?body=1" for ::1 at 2015-01-19 16:05:38 +1100


Started GET "/assets/application-823e88bf1231c4323ee1d35731d8f1b6.css?body=1" for ::1 at 2015-01-19 16:05:38 +1100


Started GET "/assets/posts-8f6eecd1178ef85964369ec66d33c4f1.js?body=1" for ::1 at 2015-01-19 16:05:38 +1100


Started GET "/assets/jquery_ujs-0b8f09cf5aec4ba1be1abd9f915c77e2.js?body=1" for ::1 at 2015-01-19 16:05:38 +1100


Started GET "/assets/jquery-eb3e278249152b5b5d5170b73d9dbf52.js?body=1" for ::1 at 2015-01-19 16:05:38 +1100


Started GET "/assets/turbolinks-924184401b7d116eadaaefc96895fa84.js?body=1" for ::1 at 2015-01-19 16:05:38 +1100


Started GET "/assets/application-9d71a2f6dda6b569ca80f60714aabe8b.js?body=1" for ::1 at 2015-01-19 16:05:38 +1100


Started GET "/assets/jquery_ujs-0b8f09cf5aec4ba1be1abd9f915c77e2.js?body=1" for ::1 at 2015-01-19 16:05:38 +1100


Started GET "/assets/turbolinks-924184401b7d116eadaaefc96895fa84.js?body=1" for ::1 at 2015-01-19 16:05:38 +1100


Started GET "/posts.1" for ::1 at 2015-01-19 16:06:43 +1100
Processing by PostsController#index as 
  [1m[35mPost Load (0.2ms)[0m  SELECT "posts".* FROM "posts"
  Rendered posts/index.html.erb within layouts/application (1.0ms)
Completed 200 OK in 60ms (Views: 58.8ms | ActiveRecord: 0.2ms)


Started GET "/assets/posts-069e88c06b889877799890854d7f4c40.css?body=1" for ::1 at 2015-01-19 16:06:43 +1100


Started GET "/assets/jquery-eb3e278249152b5b5d5170b73d9dbf52.js?body=1" for ::1 at 2015-01-19 16:06:43 +1100


Started GET "/assets/turbolinks-924184401b7d116eadaaefc96895fa84.js?body=1" for ::1 at 2015-01-19 16:06:43 +1100


Started GET "/assets/jquery_ujs-0b8f09cf5aec4ba1be1abd9f915c77e2.js?body=1" for ::1 at 2015-01-19 16:06:43 +1100


Started GET "/assets/application-823e88bf1231c4323ee1d35731d8f1b6.css?body=1" for ::1 at 2015-01-19 16:06:43 +1100


Started GET "/assets/posts-8f6eecd1178ef85964369ec66d33c4f1.js?body=1" for ::1 at 2015-01-19 16:06:43 +1100


Started GET "/assets/application-9d71a2f6dda6b569ca80f60714aabe8b.js?body=1" for ::1 at 2015-01-19 16:06:43 +1100


Started GET "/assets/jquery_ujs-0b8f09cf5aec4ba1be1abd9f915c77e2.js?body=1" for ::1 at 2015-01-19 16:06:43 +1100


Started GET "/assets/turbolinks-924184401b7d116eadaaefc96895fa84.js?body=1" for ::1 at 2015-01-19 16:06:43 +1100


Started GET "/posts.1" for ::1 at 2015-01-19 16:06:45 +1100
Processing by PostsController#index as 
  [1m[36mPost Load (0.2ms)[0m  [1mSELECT "posts".* FROM "posts"[0m
  Rendered posts/index.html.erb within layouts/application (1.1ms)
Completed 200 OK in 46ms (Views: 45.5ms | ActiveRecord: 0.2ms)


Started GET "/assets/jquery-eb3e278249152b5b5d5170b73d9dbf52.js?body=1" for ::1 at 2015-01-19 16:06:45 +1100


Started GET "/assets/jquery_ujs-0b8f09cf5aec4ba1be1abd9f915c77e2.js?body=1" for ::1 at 2015-01-19 16:06:45 +1100


Started GET "/assets/application-9d71a2f6dda6b569ca80f60714aabe8b.js?body=1" for ::1 at 2015-01-19 16:06:45 +1100


Started GET "/assets/turbolinks-924184401b7d116eadaaefc96895fa84.js?body=1" for ::1 at 2015-01-19 16:06:45 +1100


Started GET "/assets/posts-8f6eecd1178ef85964369ec66d33c4f1.js?body=1" for ::1 at 2015-01-19 16:06:45 +1100


Started GET "/" for ::1 at 2015-01-19 16:06:56 +1100
Processing by PostsController#index as HTML
  [1m[35mPost Load (0.1ms)[0m  SELECT "posts".* FROM "posts"
  Rendered posts/index.html.erb within layouts/application (1.2ms)
Completed 200 OK in 83ms (Views: 82.2ms | ActiveRecord: 0.1ms)


Started GET "/" for ::1 at 2015-01-19 16:06:56 +1100
Processing by PostsController#index as HTML
  [1m[36mPost Load (0.1ms)[0m  [1mSELECT "posts".* FROM "posts"[0m
  Rendered posts/index.html.erb within layouts/application (0.8ms)
Completed 200 OK in 56ms (Views: 55.2ms | ActiveRecord: 0.1ms)


Started GET "/assets/jquery-eb3e278249152b5b5d5170b73d9dbf52.js?body=1" for ::1 at 2015-01-19 16:06:56 +1100


Started GET "/assets/turbolinks-924184401b7d116eadaaefc96895fa84.js?body=1" for ::1 at 2015-01-19 16:06:56 +1100


Started GET "/assets/jquery_ujs-0b8f09cf5aec4ba1be1abd9f915c77e2.js?body=1" for ::1 at 2015-01-19 16:06:56 +1100


Started GET "/assets/posts-8f6eecd1178ef85964369ec66d33c4f1.js?body=1" for ::1 at 2015-01-19 16:06:56 +1100


Started GET "/assets/application-9d71a2f6dda6b569ca80f60714aabe8b.js?body=1" for ::1 at 2015-01-19 16:06:56 +1100


Started GET "/posts.1" for ::1 at 2015-01-19 16:06:58 +1100
Processing by PostsController#index as 
  [1m[35mPost Load (0.1ms)[0m  SELECT "posts".* FROM "posts"
  Rendered posts/index.html.erb within layouts/application (0.9ms)
Completed 200 OK in 56ms (Views: 54.8ms | ActiveRecord: 0.1ms)


Started GET "/assets/jquery_ujs-0b8f09cf5aec4ba1be1abd9f915c77e2.js?body=1" for ::1 at 2015-01-19 16:06:58 +1100


Started GET "/assets/jquery-eb3e278249152b5b5d5170b73d9dbf52.js?body=1" for ::1 at 2015-01-19 16:06:58 +1100


Started GET "/assets/posts-8f6eecd1178ef85964369ec66d33c4f1.js?body=1" for ::1 at 2015-01-19 16:06:58 +1100


Started GET "/assets/turbolinks-924184401b7d116eadaaefc96895fa84.js?body=1" for ::1 at 2015-01-19 16:06:58 +1100


Started GET "/assets/application-9d71a2f6dda6b569ca80f60714aabe8b.js?body=1" for ::1 at 2015-01-19 16:06:58 +1100


Started GET "/posts.1" for ::1 at 2015-01-19 16:08:22 +1100
Processing by PostsController#index as 
  [1m[36mPost Load (0.2ms)[0m  [1mSELECT "posts".* FROM "posts"[0m
  Rendered posts/index.html.erb within layouts/application (1.7ms)
Completed 200 OK in 53ms (Views: 52.1ms | ActiveRecord: 0.2ms)


Started GET "/assets/posts-069e88c06b889877799890854d7f4c40.css?body=1" for ::1 at 2015-01-19 16:08:22 +1100


Started GET "/assets/application-823e88bf1231c4323ee1d35731d8f1b6.css?body=1" for ::1 at 2015-01-19 16:08:22 +1100


Started GET "/assets/posts-8f6eecd1178ef85964369ec66d33c4f1.js?body=1" for ::1 at 2015-01-19 16:08:22 +1100


Started GET "/assets/jquery-eb3e278249152b5b5d5170b73d9dbf52.js?body=1" for ::1 at 2015-01-19 16:08:22 +1100


Started GET "/assets/jquery_ujs-0b8f09cf5aec4ba1be1abd9f915c77e2.js?body=1" for ::1 at 2015-01-19 16:08:22 +1100


Started GET "/assets/turbolinks-924184401b7d116eadaaefc96895fa84.js?body=1" for ::1 at 2015-01-19 16:08:22 +1100


Started GET "/assets/application-9d71a2f6dda6b569ca80f60714aabe8b.js?body=1" for ::1 at 2015-01-19 16:08:22 +1100


Started GET "/assets/jquery_ujs-0b8f09cf5aec4ba1be1abd9f915c77e2.js?body=1" for ::1 at 2015-01-19 16:08:22 +1100


Started GET "/assets/turbolinks-924184401b7d116eadaaefc96895fa84.js?body=1" for ::1 at 2015-01-19 16:08:22 +1100


Started GET "/assets/posts-8f6eecd1178ef85964369ec66d33c4f1.js?body=1" for ::1 at 2015-01-19 16:08:22 +1100


Started GET "/assets/application-9d71a2f6dda6b569ca80f60714aabe8b.js?body=1" for ::1 at 2015-01-19 16:08:22 +1100


Started GET "/posts/1" for ::1 at 2015-01-19 16:08:25 +1100
Processing by PostsController#show as HTML
  Parameters: {"id"=>"1"}
  [1m[35mPost Load (0.4ms)[0m  SELECT  "posts".* FROM "posts" WHERE "posts"."id" = ? LIMIT 1  [["id", 1]]
  Rendered posts/show.html.erb within layouts/application (0.4ms)
Completed 200 OK in 68ms (Views: 57.0ms | ActiveRecord: 0.4ms)


Started GET "/assets/jquery-eb3e278249152b5b5d5170b73d9dbf52.js?body=1" for ::1 at 2015-01-19 16:08:25 +1100


Started GET "/assets/jquery_ujs-0b8f09cf5aec4ba1be1abd9f915c77e2.js?body=1" for ::1 at 2015-01-19 16:08:25 +1100


Started GET "/assets/turbolinks-924184401b7d116eadaaefc96895fa84.js?body=1" for ::1 at 2015-01-19 16:08:25 +1100


Started GET "/assets/application-9d71a2f6dda6b569ca80f60714aabe8b.js?body=1" for ::1 at 2015-01-19 16:08:25 +1100


Started GET "/assets/posts-8f6eecd1178ef85964369ec66d33c4f1.js?body=1" for ::1 at 2015-01-19 16:08:25 +1100


Started GET "/posts/1" for ::1 at 2015-01-19 16:08:57 +1100
Processing by PostsController#show as HTML
  Parameters: {"id"=>"1"}
  [1m[36mPost Load (0.1ms)[0m  [1mSELECT  "posts".* FROM "posts" WHERE "posts"."id" = ? LIMIT 1[0m  [["id", 1]]
  Rendered posts/show.html.erb within layouts/application (0.8ms)
Completed 200 OK in 55ms (Views: 54.0ms | ActiveRecord: 0.1ms)


Started GET "/assets/application-823e88bf1231c4323ee1d35731d8f1b6.css?body=1" for ::1 at 2015-01-19 16:08:57 +1100


Started GET "/assets/jquery-eb3e278249152b5b5d5170b73d9dbf52.js?body=1" for ::1 at 2015-01-19 16:08:57 +1100


Started GET "/assets/posts-8f6eecd1178ef85964369ec66d33c4f1.js?body=1" for ::1 at 2015-01-19 16:08:57 +1100


Started GET "/assets/application-9d71a2f6dda6b569ca80f60714aabe8b.js?body=1" for ::1 at 2015-01-19 16:08:57 +1100


Started GET "/assets/posts-069e88c06b889877799890854d7f4c40.css?body=1" for ::1 at 2015-01-19 16:08:57 +1100


Started GET "/assets/jquery_ujs-0b8f09cf5aec4ba1be1abd9f915c77e2.js?body=1" for ::1 at 2015-01-19 16:08:57 +1100


Started GET "/assets/turbolinks-924184401b7d116eadaaefc96895fa84.js?body=1" for ::1 at 2015-01-19 16:08:57 +1100


Started GET "/assets/jquery_ujs-0b8f09cf5aec4ba1be1abd9f915c77e2.js?body=1" for ::1 at 2015-01-19 16:08:57 +1100


Started GET "/assets/turbolinks-924184401b7d116eadaaefc96895fa84.js?body=1" for ::1 at 2015-01-19 16:08:57 +1100


Started GET "/assets/posts-8f6eecd1178ef85964369ec66d33c4f1.js?body=1" for ::1 at 2015-01-19 16:08:57 +1100


Started GET "/assets/application-9d71a2f6dda6b569ca80f60714aabe8b.js?body=1" for ::1 at 2015-01-19 16:08:57 +1100


Started GET "/posts/1" for ::1 at 2015-01-19 16:09:07 +1100
Processing by PostsController#show as HTML
  Parameters: {"id"=>"1"}
  [1m[35mPost Load (0.1ms)[0m  SELECT  "posts".* FROM "posts" WHERE "posts"."id" = ? LIMIT 1  [["id", 1]]
  Rendered posts/show.html.erb within layouts/application (0.4ms)
Completed 200 OK in 51ms (Views: 50.2ms | ActiveRecord: 0.1ms)


Started GET "/assets/posts-069e88c06b889877799890854d7f4c40.css?body=1" for ::1 at 2015-01-19 16:09:08 +1100


Started GET "/assets/jquery-eb3e278249152b5b5d5170b73d9dbf52.js?body=1" for ::1 at 2015-01-19 16:09:08 +1100


Started GET "/assets/posts-8f6eecd1178ef85964369ec66d33c4f1.js?body=1" for ::1 at 2015-01-19 16:09:08 +1100


Started GET "/assets/turbolinks-924184401b7d116eadaaefc96895fa84.js?body=1" for ::1 at 2015-01-19 16:09:08 +1100


Started GET "/assets/application-823e88bf1231c4323ee1d35731d8f1b6.css?body=1" for ::1 at 2015-01-19 16:09:08 +1100


Started GET "/assets/application-9d71a2f6dda6b569ca80f60714aabe8b.js?body=1" for ::1 at 2015-01-19 16:09:08 +1100


Started GET "/assets/jquery_ujs-0b8f09cf5aec4ba1be1abd9f915c77e2.js?body=1" for ::1 at 2015-01-19 16:09:08 +1100


Started GET "/assets/jquery_ujs-0b8f09cf5aec4ba1be1abd9f915c77e2.js?body=1" for ::1 at 2015-01-19 16:09:08 +1100


Started GET "/assets/turbolinks-924184401b7d116eadaaefc96895fa84.js?body=1" for ::1 at 2015-01-19 16:09:08 +1100


Started GET "/posts/1" for ::1 at 2015-01-19 16:10:16 +1100
Processing by PostsController#show as HTML
  Parameters: {"id"=>"1"}
  [1m[36mPost Load (0.1ms)[0m  [1mSELECT  "posts".* FROM "posts" WHERE "posts"."id" = ? LIMIT 1[0m  [["id", 1]]
  Rendered posts/show.html.erb within layouts/application (0.1ms)
Completed 200 OK in 41ms (Views: 40.0ms | ActiveRecord: 0.1ms)


Started GET "/assets/posts-069e88c06b889877799890854d7f4c40.css?body=1" for ::1 at 2015-01-19 16:10:17 +1100


Started GET "/assets/turbolinks-924184401b7d116eadaaefc96895fa84.js?body=1" for ::1 at 2015-01-19 16:10:17 +1100


Started GET "/assets/jquery-eb3e278249152b5b5d5170b73d9dbf52.js?body=1" for ::1 at 2015-01-19 16:10:17 +1100


Started GET "/assets/jquery_ujs-0b8f09cf5aec4ba1be1abd9f915c77e2.js?body=1" for ::1 at 2015-01-19 16:10:17 +1100


Started GET "/assets/posts-8f6eecd1178ef85964369ec66d33c4f1.js?body=1" for ::1 at 2015-01-19 16:10:17 +1100


Started GET "/assets/application-823e88bf1231c4323ee1d35731d8f1b6.css?body=1" for ::1 at 2015-01-19 16:10:17 +1100


Started GET "/assets/application-9d71a2f6dda6b569ca80f60714aabe8b.js?body=1" for ::1 at 2015-01-19 16:10:17 +1100


Started GET "/assets/jquery_ujs-0b8f09cf5aec4ba1be1abd9f915c77e2.js?body=1" for ::1 at 2015-01-19 16:10:17 +1100


Started GET "/assets/turbolinks-924184401b7d116eadaaefc96895fa84.js?body=1" for ::1 at 2015-01-19 16:10:17 +1100


Started GET "/posts" for ::1 at 2015-01-19 16:10:19 +1100
Processing by PostsController#index as HTML
  [1m[35mPost Load (0.2ms)[0m  SELECT "posts".* FROM "posts"
  Rendered posts/index.html.erb within layouts/application (1.8ms)
Completed 200 OK in 51ms (Views: 49.5ms | ActiveRecord: 0.2ms)


Started GET "/assets/jquery-eb3e278249152b5b5d5170b73d9dbf52.js?body=1" for ::1 at 2015-01-19 16:10:19 +1100


Started GET "/assets/jquery_ujs-0b8f09cf5aec4ba1be1abd9f915c77e2.js?body=1" for ::1 at 2015-01-19 16:10:19 +1100


Started GET "/assets/turbolinks-924184401b7d116eadaaefc96895fa84.js?body=1" for ::1 at 2015-01-19 16:10:19 +1100
